2020-05-22 18:44:50,606 - Log4JLogChute initialized using file 'velocity.log'
2020-05-22 18:44:50,606 - The version of log4j being used does not support the "trace" level.
2020-05-22 18:44:50,606 - Initializing Velocity, Calling init()...
2020-05-22 18:44:50,607 - *******************************************************************
2020-05-22 18:44:50,607 - Starting Apache Velocity v1.7 (compiled: 2010-11-19 12:14:37)
2020-05-22 18:44:50,607 - RuntimeInstance initializing.
2020-05-22 18:44:50,607 - Default Properties File: org/apache/velocity/runtime/defaults/velocity.properties
2020-05-22 18:44:50,607 - Trying to use logger class org.apache.velocity.runtime.log.AvalonLogChute
2020-05-22 18:44:50,607 - Target log system for org.apache.velocity.runtime.log.AvalonLogChute is not available (java.lang.NoClassDefFoundError: org/apache/log/format/Formatter).  Falling back to next log system...
2020-05-22 18:44:50,607 - Trying to use logger class org.apache.velocity.runtime.log.Log4JLogChute
2020-05-22 18:44:50,607 - Using logger class org.apache.velocity.runtime.log.Log4JLogChute
2020-05-22 18:44:50,608 - Default ResourceManager initializing. (class org.apache.velocity.runtime.resource.ResourceManagerImpl)
2020-05-22 18:44:50,608 - ResourceLoader instantiated: org.apache.velocity.runtime.resource.loader.ClasspathResourceLoader
2020-05-22 18:44:50,609 - ClasspathResourceLoader : initialization complete.
2020-05-22 18:44:50,611 - ResourceCache: initialized (class org.apache.velocity.runtime.resource.ResourceCacheImpl) with class java.util.Collections$SynchronizedMap cache map.
2020-05-22 18:44:50,611 - Default ResourceManager initialization complete.
2020-05-22 18:44:50,612 - Loaded System Directive: org.apache.velocity.runtime.directive.Stop
2020-05-22 18:44:50,613 - Loaded System Directive: org.apache.velocity.runtime.directive.Define
2020-05-22 18:44:50,613 - Loaded System Directive: org.apache.velocity.runtime.directive.Break
2020-05-22 18:44:50,613 - Loaded System Directive: org.apache.velocity.runtime.directive.Evaluate
2020-05-22 18:44:50,613 - Loaded System Directive: org.apache.velocity.runtime.directive.Literal
2020-05-22 18:44:50,614 - Loaded System Directive: org.apache.velocity.runtime.directive.Macro
2020-05-22 18:44:50,614 - Loaded System Directive: org.apache.velocity.runtime.directive.Parse
2020-05-22 18:44:50,615 - Loaded System Directive: org.apache.velocity.runtime.directive.Include
2020-05-22 18:44:50,615 - Loaded System Directive: org.apache.velocity.runtime.directive.Foreach
2020-05-22 18:44:50,629 - Created '20' parsers.
2020-05-22 18:44:50,631 - Velocimacro : initialization starting.
2020-05-22 18:44:50,631 - Velocimacro : "velocimacro.library" is not set.  Trying default library: VM_global_library.vm
2020-05-22 18:44:50,632 - Could not load resource 'VM_global_library.vm' from ResourceLoader org.apache.velocity.runtime.resource.loader.ClasspathResourceLoader: ClasspathResourceLoader Error: cannot find resource VM_global_library.vm
2020-05-22 18:44:50,632 - Velocimacro : Default library not found.
2020-05-22 18:44:50,632 - Velocimacro : allowInline = true : VMs can be defined inline in templates
2020-05-22 18:44:50,632 - Velocimacro : allowInlineToOverride = false : VMs defined inline may NOT replace previous VM definitions
2020-05-22 18:44:50,632 - Velocimacro : allowInlineLocal = false : VMs defined inline will be global in scope if allowed.
2020-05-22 18:44:50,632 - Velocimacro : autoload off : VM system will not automatically reload global library macros
2020-05-22 18:44:50,632 - Velocimacro : Velocimacro : initialization complete.
2020-05-22 18:44:50,632 - RuntimeInstance successfully initialized.
2020-05-22 18:44:50,637 - ResourceManager : found mailTemplates/register.vm with loader org.apache.velocity.runtime.resource.loader.ClasspathResourceLoader
2020-05-22 18:44:50,638 - Null reference [template 'mailTemplates/register.vm', line 1, column 12] : ${name} cannot be resolved.
2020-05-22 18:46:16,350 - Log4JLogChute initialized using file 'velocity.log'
2020-05-22 18:46:16,351 - The version of log4j being used does not support the "trace" level.
2020-05-22 18:46:16,351 - Initializing Velocity, Calling init()...
2020-05-22 18:46:16,351 - *******************************************************************
2020-05-22 18:46:16,351 - Starting Apache Velocity v1.7 (compiled: 2010-11-19 12:14:37)
2020-05-22 18:46:16,351 - RuntimeInstance initializing.
2020-05-22 18:46:16,351 - Default Properties File: org/apache/velocity/runtime/defaults/velocity.properties
2020-05-22 18:46:16,351 - Trying to use logger class org.apache.velocity.runtime.log.AvalonLogChute
2020-05-22 18:46:16,351 - Target log system for org.apache.velocity.runtime.log.AvalonLogChute is not available (java.lang.NoClassDefFoundError: org/apache/log/format/Formatter).  Falling back to next log system...
2020-05-22 18:46:16,351 - Trying to use logger class org.apache.velocity.runtime.log.Log4JLogChute
2020-05-22 18:46:16,351 - Using logger class org.apache.velocity.runtime.log.Log4JLogChute
2020-05-22 18:46:16,352 - Default ResourceManager initializing. (class org.apache.velocity.runtime.resource.ResourceManagerImpl)
2020-05-22 18:46:16,353 - ResourceLoader instantiated: org.apache.velocity.runtime.resource.loader.ClasspathResourceLoader
2020-05-22 18:46:16,353 - ClasspathResourceLoader : initialization complete.
2020-05-22 18:46:16,356 - ResourceCache: initialized (class org.apache.velocity.runtime.resource.ResourceCacheImpl) with class java.util.Collections$SynchronizedMap cache map.
2020-05-22 18:46:16,356 - Default ResourceManager initialization complete.
2020-05-22 18:46:16,357 - Loaded System Directive: org.apache.velocity.runtime.directive.Stop
2020-05-22 18:46:16,357 - Loaded System Directive: org.apache.velocity.runtime.directive.Define
2020-05-22 18:46:16,358 - Loaded System Directive: org.apache.velocity.runtime.directive.Break
2020-05-22 18:46:16,358 - Loaded System Directive: org.apache.velocity.runtime.directive.Evaluate
2020-05-22 18:46:16,358 - Loaded System Directive: org.apache.velocity.runtime.directive.Literal
2020-05-22 18:46:16,359 - Loaded System Directive: org.apache.velocity.runtime.directive.Macro
2020-05-22 18:46:16,359 - Loaded System Directive: org.apache.velocity.runtime.directive.Parse
2020-05-22 18:46:16,360 - Loaded System Directive: org.apache.velocity.runtime.directive.Include
2020-05-22 18:46:16,360 - Loaded System Directive: org.apache.velocity.runtime.directive.Foreach
2020-05-22 18:46:16,375 - Created '20' parsers.
2020-05-22 18:46:16,377 - Velocimacro : initialization starting.
2020-05-22 18:46:16,377 - Velocimacro : "velocimacro.library" is not set.  Trying default library: VM_global_library.vm
2020-05-22 18:46:16,377 - Could not load resource 'VM_global_library.vm' from ResourceLoader org.apache.velocity.runtime.resource.loader.ClasspathResourceLoader: ClasspathResourceLoader Error: cannot find resource VM_global_library.vm
2020-05-22 18:46:16,377 - Velocimacro : Default library not found.
2020-05-22 18:46:16,377 - Velocimacro : allowInline = true : VMs can be defined inline in templates
2020-05-22 18:46:16,377 - Velocimacro : allowInlineToOverride = false : VMs defined inline may NOT replace previous VM definitions
2020-05-22 18:46:16,377 - Velocimacro : allowInlineLocal = false : VMs defined inline will be global in scope if allowed.
2020-05-22 18:46:16,377 - Velocimacro : autoload off : VM system will not automatically reload global library macros
2020-05-22 18:46:16,378 - Velocimacro : Velocimacro : initialization complete.
2020-05-22 18:46:16,378 - RuntimeInstance successfully initialized.
2020-05-22 18:46:16,383 - ResourceManager : found mailTemplates/register.vm with loader org.apache.velocity.runtime.resource.loader.ClasspathResourceLoader
2020-05-22 18:46:16,384 - Null reference [template 'mailTemplates/register.vm', line 1, column 12] : ${name} cannot be resolved.
